<?xml version="1.0" encoding="UTF-8"?>
<persistence version="2.0"
	xmlns="http://java.sun.com/xml/ns/persistence" xmlns:xsi="http://www.w3.org/2001/XMLSchema-instance"
	xsi:schemaLocation=" http://java.sun.com/xml/ns/persistence http://java.sun.com/xml/ns/persistence/persistence_2_0.xsd">

	<persistence-unit name="cdip" transaction-type="JTA">
		<jta-data-source>jdbc/datasource</jta-data-source>
		<class>com.byteslounge.cdi.test.model.TestEntity</class>
		<exclude-unlisted-classes>false</exclude-unlisted-classes>
		<properties>
			<property name="eclipselink.id-validation" value="NULL" />
			<property name="eclipselink.ddl-generation" value="drop-and-create-tables" />
			<property name="eclipselink.logging.logger" value="DefaultLogger" />
			<property name="eclipselink.logging.level" value="CONFIG" />
			<property name="eclipselink.logging.parameters" value="true" />
		</properties>
	</persistence-unit>
</persistence>